<?xml version="1.0" encoding="UTF-8"?>
<testng-results ignored="0" total="2" passed="2" failed="0" skipped="0">
  <reporter-output>
  </reporter-output>
  <suite started-at="2024-06-08T13:01:00 IST" name="Suite" finished-at="2024-06-08T13:01:17 IST" duration-ms="17462">
    <groups>
    </groups>
    <test started-at="2024-06-08T13:01:00 IST" name="Test" finished-at="2024-06-08T13:01:17 IST" duration-ms="17462">
      <class name="friendsproject.Gurutest">
        <test-method is-config="true" signature="setup()[pri:0, instance:friendsproject.Gurutest@20ce78ec]" started-at="2024-06-08T13:01:00 IST" name="setup" finished-at="2024-06-08T13:01:09 IST" duration-ms="9014" status="PASS">
          <reporter-output>
          </reporter-output>
        </test-method> <!-- setup -->
        <test-method signature="login()[pri:0, instance:friendsproject.Gurutest@20ce78ec]" started-at="2024-06-08T13:01:09 IST" name="login" finished-at="2024-06-08T13:01:12 IST" duration-ms="3395" status="PASS">
          <reporter-output>
          </reporter-output>
        </test-method> <!-- login -->
        <test-method signature="newcustomerlogin()[pri:0, instance:friendsproject.Gurutest@20ce78ec]" started-at="2024-06-08T13:01:12 IST" name="newcustomerlogin" finished-at="2024-06-08T13:01:17 IST" duration-ms="4528" status="PASS">
          <reporter-output>
          </reporter-output>
        </test-method> <!-- newcustomerlogin -->
        <test-method is-config="true" signature="closeapp()[pri:0, instance:friendsproject.Gurutest@20ce78ec]" started-at="2024-06-08T13:01:17 IST" name="closeapp" finished-at="2024-06-08T13:01:17 IST" duration-ms="456" status="PASS">
          <reporter-output>
          </reporter-output>
        </test-method> <!-- closeapp -->
      </class> <!-- friendsproject.Gurutest -->
    </test> <!-- Test -->
  </suite> <!-- Suite -->
</testng-results>
