<?xml version="1.0" encoding="UTF-8"?>
<testng-results ignored="0" total="2" passed="2" failed="0" skipped="0">
  <reporter-output>
  </reporter-output>
  <suite started-at="2024-06-08T12:55:08 IST" name="Default suite" finished-at="2024-06-08T12:55:22 IST" duration-ms="14573">
    <groups>
    </groups>
    <test started-at="2024-06-08T12:55:08 IST" name="Default test" finished-at="2024-06-08T12:55:22 IST" duration-ms="14573">
      <class name="friendsproject.Gurutest">
        <test-method is-config="true" signature="setup()[pri:0, instance:friendsproject.Gurutest@1ab3a8c8]" started-at="2024-06-08T12:55:08 IST" name="setup" finished-at="2024-06-08T12:55:16 IST" duration-ms="8177" status="PASS">
          <reporter-output>
          </reporter-output>
        </test-method> <!-- setup -->
        <test-method signature="login()[pri:0, instance:friendsproject.Gurutest@1ab3a8c8]" started-at="2024-06-08T12:55:16 IST" name="login" finished-at="2024-06-08T12:55:18 IST" duration-ms="1746" status="PASS">
          <reporter-output>
          </reporter-output>
        </test-method> <!-- login -->
        <test-method signature="newcustomerlogin()[pri:0, instance:friendsproject.Gurutest@1ab3a8c8]" started-at="2024-06-08T12:55:18 IST" name="newcustomerlogin" finished-at="2024-06-08T12:55:22 IST" duration-ms="3904" status="PASS">
          <reporter-output>
          </reporter-output>
        </test-method> <!-- newcustomerlogin -->
        <test-method is-config="true" signature="closeapp()[pri:0, instance:friendsproject.Gurutest@1ab3a8c8]" started-at="2024-06-08T12:55:22 IST" name="closeapp" finished-at="2024-06-08T12:55:22 IST" duration-ms="653" status="PASS">
          <reporter-output>
          </reporter-output>
        </test-method> <!-- closeapp -->
      </class> <!-- friendsproject.Gurutest -->
    </test> <!-- Default test -->
  </suite> <!-- Default suite -->
</testng-results>
